<?xml version="1.0" encoding="UTF-8"?>
<!-- Generated by org.testng.reporters.JUnitReportReporter -->
<testsuite skipped="0" hostname="INLN56579687A" name="com.traficta.testcases.DisplayTheProductVerInforTest" tests="1" failures="0" timestamp="15 Aug 2020 18:09:34 GMT" time="50.227" errors="0">
  <testcase name="assertProductVersionInfo" time="50.227" classname="com.traficta.testcases.DisplayTheProductVerInforTest"/>
</testsuite> <!-- com.traficta.testcases.DisplayTheProductVerInforTest -->
