<?xml version="1.0" encoding="UTF-8"?>
<!-- Generated by org.testng.reporters.JUnitReportReporter -->
<testsuite skipped="0" hostname="INLN56579687A" name="com.apptus.testcases.CatalogueDetailsVerificationTest" tests="1" failures="0" timestamp="27 Aug 2020 14:27:59 GMT" time="50.736" errors="0">
  <testcase name="assertCatalogueDetails" time="50.736" classname="com.apptus.testcases.CatalogueDetailsVerificationTest"/>
</testsuite> <!-- com.apptus.testcases.CatalogueDetailsVerificationTest -->
